<?xml version="1.0" encoding="UTF-8"?>
<robot generator="Robot 6.1.1 (Python 3.10.12 on linux)" generated="20231201 21:11:34.967" rpa="false" schemaversion="4">
<suite id="s1" name="Tests" source="/home/juhaleik/opisk/ohjelmistotuotanto/miniprojekti/src/tests">
<suite id="s1-s1" name="Tests" source="/home/juhaleik/opisk/ohjelmistotuotanto/miniprojekti/src/tests/tests.robot">
<test id="s1-s1-t1" name="Adding Inproceedings Works" line="6">
<kw name="Command" library="AppLibrary">
<arg>2</arg>
<doc>Add command to be executed.</doc>
<status status="PASS" starttime="20231201 21:11:35.150" endtime="20231201 21:11:35.152"/>
</kw>
<kw name="Command" library="AppLibrary">
<arg>inproceedings</arg>
<doc>Add command to be executed.</doc>
<status status="PASS" starttime="20231201 21:11:35.153" endtime="20231201 21:11:35.153"/>
</kw>
<kw name="Command" library="AppLibrary">
<arg>title_value</arg>
<doc>Add command to be executed.</doc>
<status status="PASS" starttime="20231201 21:11:35.153" endtime="20231201 21:11:35.153"/>
</kw>
<kw name="Command" library="AppLibrary">
<arg>author_value</arg>
<doc>Add command to be executed.</doc>
<status status="PASS" starttime="20231201 21:11:35.153" endtime="20231201 21:11:35.153"/>
</kw>
<kw name="Command" library="AppLibrary">
<arg>booktitle_value</arg>
<doc>Add command to be executed.</doc>
<status status="PASS" starttime="20231201 21:11:35.153" endtime="20231201 21:11:35.153"/>
</kw>
<kw name="Command" library="AppLibrary">
<arg>2000</arg>
<doc>Add command to be executed.</doc>
<status status="PASS" starttime="20231201 21:11:35.153" endtime="20231201 21:11:35.154"/>
</kw>
<kw name="Command" library="AppLibrary">
<arg>\</arg>
<doc>Add command to be executed.</doc>
<status status="PASS" starttime="20231201 21:11:35.154" endtime="20231201 21:11:35.154"/>
</kw>
<kw name="Command" library="AppLibrary">
<arg>\</arg>
<doc>Add command to be executed.</doc>
<status status="PASS" starttime="20231201 21:11:35.154" endtime="20231201 21:11:35.154"/>
</kw>
<kw name="Command" library="AppLibrary">
<arg>\</arg>
<doc>Add command to be executed.</doc>
<status status="PASS" starttime="20231201 21:11:35.154" endtime="20231201 21:11:35.154"/>
</kw>
<kw name="Command" library="AppLibrary">
<arg>\</arg>
<doc>Add command to be executed.</doc>
<status status="PASS" starttime="20231201 21:11:35.154" endtime="20231201 21:11:35.154"/>
</kw>
<kw name="Command" library="AppLibrary">
<arg>\</arg>
<doc>Add command to be executed.</doc>
<status status="PASS" starttime="20231201 21:11:35.154" endtime="20231201 21:11:35.154"/>
</kw>
<kw name="Command" library="AppLibrary">
<arg>\</arg>
<doc>Add command to be executed.</doc>
<status status="PASS" starttime="20231201 21:11:35.155" endtime="20231201 21:11:35.155"/>
</kw>
<kw name="Command" library="AppLibrary">
<arg>\</arg>
<doc>Add command to be executed.</doc>
<status status="PASS" starttime="20231201 21:11:35.155" endtime="20231201 21:11:35.155"/>
</kw>
<kw name="Command" library="AppLibrary">
<arg>1</arg>
<doc>Add command to be executed.</doc>
<status status="PASS" starttime="20231201 21:11:35.155" endtime="20231201 21:11:35.155"/>
</kw>
<kw name="Command" library="AppLibrary">
<arg>x</arg>
<doc>Add command to be executed.</doc>
<status status="PASS" starttime="20231201 21:11:35.155" endtime="20231201 21:11:35.155"/>
</kw>
<kw name="Run Program" library="AppLibrary">
<doc>Start running the program with the predetermined command list.</doc>
<msg timestamp="20231201 21:11:35.161" level="INFO">ReferenceType.INPROCEEDINGS
author_00
{'title': 'title_value', 'author': 'author_value', 'booktitle': 'booktitle_value', 'year': '2000'}</msg>
<status status="PASS" starttime="20231201 21:11:35.155" endtime="20231201 21:11:35.161"/>
</kw>
<kw name="Output Should Contain" library="AppLibrary">
<arg>{author_value}</arg>
<doc>Assert that the output contains a string.</doc>
<status status="PASS" starttime="20231201 21:11:35.161" endtime="20231201 21:11:35.162"/>
</kw>
<status status="PASS" starttime="20231201 21:11:35.150" endtime="20231201 21:11:35.162"/>
</test>
<test id="s1-s1-t2" name="Shutting Down Works" line="25">
<kw name="Command" library="AppLibrary">
<arg>x</arg>
<doc>Add command to be executed.</doc>
<status status="PASS" starttime="20231201 21:11:35.162" endtime="20231201 21:11:35.164"/>
</kw>
<kw name="Run Program" library="AppLibrary">
<doc>Start running the program with the predetermined command list.</doc>
<status status="PASS" starttime="20231201 21:11:35.164" endtime="20231201 21:11:35.164"/>
</kw>
<kw name="Output Should Contain" library="AppLibrary">
<arg>Shutting down</arg>
<doc>Assert that the output contains a string.</doc>
<status status="PASS" starttime="20231201 21:11:35.164" endtime="20231201 21:11:35.165"/>
</kw>
<status status="PASS" starttime="20231201 21:11:35.162" endtime="20231201 21:11:35.165"/>
</test>
<test id="s1-s1-t3" name="Mandatory Field Is Required" line="30">
<kw name="Command" library="AppLibrary">
<arg>2</arg>
<doc>Add command to be executed.</doc>
<status status="PASS" starttime="20231201 21:11:35.165" endtime="20231201 21:11:35.167"/>
</kw>
<kw name="Command" library="AppLibrary">
<arg>inproceedings</arg>
<doc>Add command to be executed.</doc>
<status status="PASS" starttime="20231201 21:11:35.167" endtime="20231201 21:11:35.167"/>
</kw>
<kw name="Command" library="AppLibrary">
<arg>\</arg>
<doc>Add command to be executed.</doc>
<status status="PASS" starttime="20231201 21:11:35.167" endtime="20231201 21:11:35.167"/>
</kw>
<kw name="Run Program" library="AppLibrary">
<doc>Start running the program with the predetermined command list.</doc>
<status status="PASS" starttime="20231201 21:11:35.167" endtime="20231201 21:11:35.167"/>
</kw>
<kw name="Output Should Contain" library="AppLibrary">
<arg>Field is mandatory</arg>
<doc>Assert that the output contains a string.</doc>
<status status="PASS" starttime="20231201 21:11:35.167" endtime="20231201 21:11:35.167"/>
</kw>
<status status="PASS" starttime="20231201 21:11:35.165" endtime="20231201 21:11:35.168"/>
</test>
<test id="s1-s1-t4" name="Testing something" line="37">
<kw name="Press Key" library="GuiLibrary">
<arg>s</arg>
<msg timestamp="20231201 21:11:35.168" level="FAIL">AttributeError: 'GUI' object has no attribute 'press'</msg>
<status status="FAIL" starttime="20231201 21:11:35.168" endtime="20231201 21:11:35.168"/>
</kw>
<kw name="Run Gui">
<status status="NOT RUN" starttime="20231201 21:11:35.169" endtime="20231201 21:11:35.169"/>
</kw>
<kw name="Page Should Be" library="GuiLibrary">
<arg>ShowAll()</arg>
<status status="NOT RUN" starttime="20231201 21:11:35.169" endtime="20231201 21:11:35.169"/>
</kw>
<status status="FAIL" starttime="20231201 21:11:35.168" endtime="20231201 21:11:35.170">AttributeError: 'GUI' object has no attribute 'press'</status>
</test>
<status status="FAIL" starttime="20231201 21:11:34.982" endtime="20231201 21:11:35.170"/>
</suite>
<status status="FAIL" starttime="20231201 21:11:34.967" endtime="20231201 21:11:35.170"/>
</suite>
<statistics>
<total>
<stat pass="3" fail="1" skip="0">All Tests</stat>
</total>
<tag>
</tag>
<suite>
<stat pass="3" fail="1" skip="0" id="s1" name="Tests">Tests</stat>
<stat pass="3" fail="1" skip="0" id="s1-s1" name="Tests">Tests.Tests</stat>
</suite>
</statistics>
<errors>
</errors>
</robot>
