<?xml version="1.0" encoding="UTF-8"?>
<robot generator="Robot 6.1.1 (Python 3.10.12 on linux)" generated="20231128 13:53:45.196" rpa="false" schemaversion="4">
<suite id="s1" name="Tests" source="/home/miahro/ohtu/miniprojekti/src/tests">
<suite id="s1-s1" name="Tests" source="/home/miahro/ohtu/miniprojekti/src/tests/tests.robot">
<test id="s1-s1-t1" name="Adding Inproceedings Works" line="5">
<kw name="Command" library="AppLibrary">
<arg>2</arg>
<doc>Add command to be executed.</doc>
<status status="PASS" starttime="20231128 13:53:45.241" endtime="20231128 13:53:45.244"/>
</kw>
<kw name="Command" library="AppLibrary">
<arg>inproceedings</arg>
<doc>Add command to be executed.</doc>
<status status="PASS" starttime="20231128 13:53:45.244" endtime="20231128 13:53:45.244"/>
</kw>
<kw name="Command" library="AppLibrary">
<arg>title_value</arg>
<doc>Add command to be executed.</doc>
<status status="PASS" starttime="20231128 13:53:45.244" endtime="20231128 13:53:45.244"/>
</kw>
<kw name="Command" library="AppLibrary">
<arg>author_value</arg>
<doc>Add command to be executed.</doc>
<status status="PASS" starttime="20231128 13:53:45.244" endtime="20231128 13:53:45.245"/>
</kw>
<kw name="Command" library="AppLibrary">
<arg>booktitle_value</arg>
<doc>Add command to be executed.</doc>
<status status="PASS" starttime="20231128 13:53:45.245" endtime="20231128 13:53:45.245"/>
</kw>
<kw name="Command" library="AppLibrary">
<arg>2000</arg>
<doc>Add command to be executed.</doc>
<status status="PASS" starttime="20231128 13:53:45.245" endtime="20231128 13:53:45.245"/>
</kw>
<kw name="Command" library="AppLibrary">
<arg>\</arg>
<doc>Add command to be executed.</doc>
<status status="PASS" starttime="20231128 13:53:45.245" endtime="20231128 13:53:45.245"/>
</kw>
<kw name="Command" library="AppLibrary">
<arg>\</arg>
<doc>Add command to be executed.</doc>
<status status="PASS" starttime="20231128 13:53:45.245" endtime="20231128 13:53:45.245"/>
</kw>
<kw name="Command" library="AppLibrary">
<arg>\</arg>
<doc>Add command to be executed.</doc>
<status status="PASS" starttime="20231128 13:53:45.245" endtime="20231128 13:53:45.245"/>
</kw>
<kw name="Command" library="AppLibrary">
<arg>\</arg>
<doc>Add command to be executed.</doc>
<status status="PASS" starttime="20231128 13:53:45.246" endtime="20231128 13:53:45.246"/>
</kw>
<kw name="Command" library="AppLibrary">
<arg>\</arg>
<doc>Add command to be executed.</doc>
<status status="PASS" starttime="20231128 13:53:45.246" endtime="20231128 13:53:45.246"/>
</kw>
<kw name="Command" library="AppLibrary">
<arg>\</arg>
<doc>Add command to be executed.</doc>
<status status="PASS" starttime="20231128 13:53:45.246" endtime="20231128 13:53:45.246"/>
</kw>
<kw name="Command" library="AppLibrary">
<arg>\</arg>
<doc>Add command to be executed.</doc>
<status status="PASS" starttime="20231128 13:53:45.246" endtime="20231128 13:53:45.246"/>
</kw>
<kw name="Command" library="AppLibrary">
<arg>1</arg>
<doc>Add command to be executed.</doc>
<status status="PASS" starttime="20231128 13:53:45.246" endtime="20231128 13:53:45.246"/>
</kw>
<kw name="Command" library="AppLibrary">
<arg>x</arg>
<doc>Add command to be executed.</doc>
<status status="PASS" starttime="20231128 13:53:45.247" endtime="20231128 13:53:45.247"/>
</kw>
<kw name="Run Program" library="AppLibrary">
<doc>Start running the program with the predetermined command list.</doc>
<status status="PASS" starttime="20231128 13:53:45.247" endtime="20231128 13:53:45.247"/>
</kw>
<kw name="Output Should Contain" library="AppLibrary">
<arg>{author_value}</arg>
<doc>Assert that the output contains a string.</doc>
<status status="PASS" starttime="20231128 13:53:45.247" endtime="20231128 13:53:45.248"/>
</kw>
<status status="PASS" starttime="20231128 13:53:45.241" endtime="20231128 13:53:45.248"/>
</test>
<test id="s1-s1-t2" name="Shutting Down Works" line="24">
<kw name="Command" library="AppLibrary">
<arg>x</arg>
<doc>Add command to be executed.</doc>
<status status="PASS" starttime="20231128 13:53:45.248" endtime="20231128 13:53:45.253"/>
</kw>
<kw name="Run Program" library="AppLibrary">
<doc>Start running the program with the predetermined command list.</doc>
<status status="PASS" starttime="20231128 13:53:45.253" endtime="20231128 13:53:45.253"/>
</kw>
<kw name="Output Should Contain" library="AppLibrary">
<arg>Shutting down</arg>
<doc>Assert that the output contains a string.</doc>
<status status="PASS" starttime="20231128 13:53:45.253" endtime="20231128 13:53:45.253"/>
</kw>
<status status="PASS" starttime="20231128 13:53:45.248" endtime="20231128 13:53:45.253"/>
</test>
<test id="s1-s1-t3" name="Mandatory Field Is Required" line="29">
<kw name="Command" library="AppLibrary">
<arg>2</arg>
<doc>Add command to be executed.</doc>
<status status="PASS" starttime="20231128 13:53:45.253" endtime="20231128 13:53:45.257"/>
</kw>
<kw name="Command" library="AppLibrary">
<arg>inproceedings</arg>
<doc>Add command to be executed.</doc>
<status status="PASS" starttime="20231128 13:53:45.257" endtime="20231128 13:53:45.257"/>
</kw>
<kw name="Command" library="AppLibrary">
<arg>\</arg>
<doc>Add command to be executed.</doc>
<status status="PASS" starttime="20231128 13:53:45.257" endtime="20231128 13:53:45.257"/>
</kw>
<kw name="Run Program" library="AppLibrary">
<doc>Start running the program with the predetermined command list.</doc>
<status status="PASS" starttime="20231128 13:53:45.257" endtime="20231128 13:53:45.257"/>
</kw>
<kw name="Output Should Contain" library="AppLibrary">
<arg>Field is mandatory</arg>
<doc>Assert that the output contains a string.</doc>
<status status="PASS" starttime="20231128 13:53:45.257" endtime="20231128 13:53:45.257"/>
</kw>
<status status="PASS" starttime="20231128 13:53:45.253" endtime="20231128 13:53:45.257"/>
</test>
<status status="PASS" starttime="20231128 13:53:45.217" endtime="20231128 13:53:45.258"/>
</suite>
<status status="PASS" starttime="20231128 13:53:45.196" endtime="20231128 13:53:45.258"/>
</suite>
<statistics>
<total>
<stat pass="3" fail="0" skip="0">All Tests</stat>
</total>
<tag>
</tag>
<suite>
<stat pass="3" fail="0" skip="0" id="s1" name="Tests">Tests</stat>
<stat pass="3" fail="0" skip="0" id="s1-s1" name="Tests">Tests.Tests</stat>
</suite>
</statistics>
<errors>
</errors>
</robot>
