<?xml version="1.0" encoding="UTF-8"?>
<robot generator="Robot 6.1.1 (Python 3.10.12 on linux)" generated="20231127 16:00:28.218" rpa="false" schemaversion="4">
<suite id="s1" name="Tests" source="/home/jaakkomo/Documents/Projects/miniprojekti/src/tests">
<suite id="s1-s1" name="Tests" source="/home/jaakkomo/Documents/Projects/miniprojekti/src/tests/tests.robot">
<test id="s1-s1-t1" name="Adding Inproceedings Works" line="5">
<kw name="Command" library="AppLibrary">
<arg>2</arg>
<doc>Add command to be executed.</doc>
<status status="PASS" starttime="20231127 16:00:28.276" endtime="20231127 16:00:28.281"/>
</kw>
<kw name="Command" library="AppLibrary">
<arg>inproceedings</arg>
<doc>Add command to be executed.</doc>
<status status="PASS" starttime="20231127 16:00:28.281" endtime="20231127 16:00:28.281"/>
</kw>
<kw name="Command" library="AppLibrary">
<arg>title_value</arg>
<doc>Add command to be executed.</doc>
<status status="PASS" starttime="20231127 16:00:28.281" endtime="20231127 16:00:28.281"/>
</kw>
<kw name="Command" library="AppLibrary">
<arg>author_value</arg>
<doc>Add command to be executed.</doc>
<status status="PASS" starttime="20231127 16:00:28.282" endtime="20231127 16:00:28.282"/>
</kw>
<kw name="Command" library="AppLibrary">
<arg>booktitle_value</arg>
<doc>Add command to be executed.</doc>
<status status="PASS" starttime="20231127 16:00:28.282" endtime="20231127 16:00:28.282"/>
</kw>
<kw name="Command" library="AppLibrary">
<arg>2000</arg>
<doc>Add command to be executed.</doc>
<status status="PASS" starttime="20231127 16:00:28.282" endtime="20231127 16:00:28.282"/>
</kw>
<kw name="Command" library="AppLibrary">
<arg>\</arg>
<doc>Add command to be executed.</doc>
<status status="PASS" starttime="20231127 16:00:28.282" endtime="20231127 16:00:28.282"/>
</kw>
<kw name="Command" library="AppLibrary">
<arg>\</arg>
<doc>Add command to be executed.</doc>
<status status="PASS" starttime="20231127 16:00:28.282" endtime="20231127 16:00:28.282"/>
</kw>
<kw name="Command" library="AppLibrary">
<arg>\</arg>
<doc>Add command to be executed.</doc>
<status status="PASS" starttime="20231127 16:00:28.282" endtime="20231127 16:00:28.283"/>
</kw>
<kw name="Command" library="AppLibrary">
<arg>\</arg>
<doc>Add command to be executed.</doc>
<status status="PASS" starttime="20231127 16:00:28.283" endtime="20231127 16:00:28.283"/>
</kw>
<kw name="Command" library="AppLibrary">
<arg>\</arg>
<doc>Add command to be executed.</doc>
<status status="PASS" starttime="20231127 16:00:28.283" endtime="20231127 16:00:28.283"/>
</kw>
<kw name="Command" library="AppLibrary">
<arg>\</arg>
<doc>Add command to be executed.</doc>
<status status="PASS" starttime="20231127 16:00:28.283" endtime="20231127 16:00:28.283"/>
</kw>
<kw name="Command" library="AppLibrary">
<arg>\</arg>
<doc>Add command to be executed.</doc>
<status status="PASS" starttime="20231127 16:00:28.283" endtime="20231127 16:00:28.283"/>
</kw>
<kw name="Command" library="AppLibrary">
<arg>1</arg>
<doc>Add command to be executed.</doc>
<status status="PASS" starttime="20231127 16:00:28.283" endtime="20231127 16:00:28.284"/>
</kw>
<kw name="Command" library="AppLibrary">
<arg>x</arg>
<doc>Add command to be executed.</doc>
<status status="PASS" starttime="20231127 16:00:28.284" endtime="20231127 16:00:28.284"/>
</kw>
<kw name="Run Program" library="AppLibrary">
<doc>Start running the program with the predetermined command list.</doc>
<status status="PASS" starttime="20231127 16:00:28.284" endtime="20231127 16:00:28.284"/>
</kw>
<kw name="Output Should Contain" library="AppLibrary">
<arg>{author_value}</arg>
<doc>Assert that the output contains a string.</doc>
<status status="PASS" starttime="20231127 16:00:28.284" endtime="20231127 16:00:28.284"/>
</kw>
<status status="PASS" starttime="20231127 16:00:28.276" endtime="20231127 16:00:28.285"/>
</test>
<test id="s1-s1-t2" name="Shutting Down Works" line="24">
<kw name="Command" library="AppLibrary">
<arg>x</arg>
<doc>Add command to be executed.</doc>
<status status="PASS" starttime="20231127 16:00:28.285" endtime="20231127 16:00:28.292"/>
</kw>
<kw name="Run Program" library="AppLibrary">
<doc>Start running the program with the predetermined command list.</doc>
<status status="PASS" starttime="20231127 16:00:28.292" endtime="20231127 16:00:28.293"/>
</kw>
<kw name="Output Should Contain" library="AppLibrary">
<arg>Shutting down</arg>
<doc>Assert that the output contains a string.</doc>
<status status="PASS" starttime="20231127 16:00:28.293" endtime="20231127 16:00:28.293"/>
</kw>
<status status="PASS" starttime="20231127 16:00:28.285" endtime="20231127 16:00:28.293"/>
</test>
<test id="s1-s1-t3" name="Mandatory Field Is Required" line="29">
<kw name="Command" library="AppLibrary">
<arg>2</arg>
<doc>Add command to be executed.</doc>
<status status="PASS" starttime="20231127 16:00:28.294" endtime="20231127 16:00:28.301"/>
</kw>
<kw name="Command" library="AppLibrary">
<arg>inproceedings</arg>
<doc>Add command to be executed.</doc>
<status status="PASS" starttime="20231127 16:00:28.302" endtime="20231127 16:00:28.302"/>
</kw>
<kw name="Command" library="AppLibrary">
<arg>\</arg>
<doc>Add command to be executed.</doc>
<status status="PASS" starttime="20231127 16:00:28.302" endtime="20231127 16:00:28.302"/>
</kw>
<kw name="Run Program" library="AppLibrary">
<doc>Start running the program with the predetermined command list.</doc>
<status status="PASS" starttime="20231127 16:00:28.302" endtime="20231127 16:00:28.302"/>
</kw>
<kw name="Output Should Contain" library="AppLibrary">
<arg>Field is mandatory</arg>
<doc>Assert that the output contains a string.</doc>
<status status="PASS" starttime="20231127 16:00:28.303" endtime="20231127 16:00:28.303"/>
</kw>
<status status="PASS" starttime="20231127 16:00:28.294" endtime="20231127 16:00:28.303"/>
</test>
<status status="PASS" starttime="20231127 16:00:28.235" endtime="20231127 16:00:28.303"/>
</suite>
<status status="PASS" starttime="20231127 16:00:28.219" endtime="20231127 16:00:28.304"/>
</suite>
<statistics>
<total>
<stat pass="3" fail="0" skip="0">All Tests</stat>
</total>
<tag>
</tag>
<suite>
<stat pass="3" fail="0" skip="0" id="s1" name="Tests">Tests</stat>
<stat pass="3" fail="0" skip="0" id="s1-s1" name="Tests">Tests.Tests</stat>
</suite>
</statistics>
<errors>
</errors>
</robot>
