<?xml version="1.0" encoding="UTF-8"?>
<robot generator="Robot 6.1.1 (Python 3.10.12 on linux)" generated="20231201 14:16:25.502" rpa="false" schemaversion="4">
<suite id="s1" name="Tests" source="/home/jaakkomo/Documents/Projects/miniprojekti/src/tests">
<suite id="s1-s1" name="Tests" source="/home/jaakkomo/Documents/Projects/miniprojekti/src/tests/tests.robot">
<test id="s1-s1-t1" name="Adding Inproceedings Works" line="5">
<kw name="Command" library="AppLibrary">
<arg>2</arg>
<doc>Add command to be executed.</doc>
<status status="PASS" starttime="20231201 14:16:25.538" endtime="20231201 14:16:25.539"/>
</kw>
<kw name="Command" library="AppLibrary">
<arg>inproceedings</arg>
<doc>Add command to be executed.</doc>
<status status="PASS" starttime="20231201 14:16:25.540" endtime="20231201 14:16:25.540"/>
</kw>
<kw name="Command" library="AppLibrary">
<arg>title_value</arg>
<doc>Add command to be executed.</doc>
<status status="PASS" starttime="20231201 14:16:25.540" endtime="20231201 14:16:25.540"/>
</kw>
<kw name="Command" library="AppLibrary">
<arg>author_value</arg>
<doc>Add command to be executed.</doc>
<status status="PASS" starttime="20231201 14:16:25.540" endtime="20231201 14:16:25.540"/>
</kw>
<kw name="Command" library="AppLibrary">
<arg>booktitle_value</arg>
<doc>Add command to be executed.</doc>
<status status="PASS" starttime="20231201 14:16:25.540" endtime="20231201 14:16:25.541"/>
</kw>
<kw name="Command" library="AppLibrary">
<arg>2000</arg>
<doc>Add command to be executed.</doc>
<status status="PASS" starttime="20231201 14:16:25.541" endtime="20231201 14:16:25.541"/>
</kw>
<kw name="Command" library="AppLibrary">
<arg>\</arg>
<doc>Add command to be executed.</doc>
<status status="PASS" starttime="20231201 14:16:25.541" endtime="20231201 14:16:25.541"/>
</kw>
<kw name="Command" library="AppLibrary">
<arg>\</arg>
<doc>Add command to be executed.</doc>
<status status="PASS" starttime="20231201 14:16:25.541" endtime="20231201 14:16:25.541"/>
</kw>
<kw name="Command" library="AppLibrary">
<arg>\</arg>
<doc>Add command to be executed.</doc>
<status status="PASS" starttime="20231201 14:16:25.541" endtime="20231201 14:16:25.541"/>
</kw>
<kw name="Command" library="AppLibrary">
<arg>\</arg>
<doc>Add command to be executed.</doc>
<status status="PASS" starttime="20231201 14:16:25.541" endtime="20231201 14:16:25.542"/>
</kw>
<kw name="Command" library="AppLibrary">
<arg>\</arg>
<doc>Add command to be executed.</doc>
<status status="PASS" starttime="20231201 14:16:25.542" endtime="20231201 14:16:25.542"/>
</kw>
<kw name="Command" library="AppLibrary">
<arg>\</arg>
<doc>Add command to be executed.</doc>
<status status="PASS" starttime="20231201 14:16:25.542" endtime="20231201 14:16:25.542"/>
</kw>
<kw name="Command" library="AppLibrary">
<arg>\</arg>
<doc>Add command to be executed.</doc>
<status status="PASS" starttime="20231201 14:16:25.542" endtime="20231201 14:16:25.542"/>
</kw>
<kw name="Command" library="AppLibrary">
<arg>1</arg>
<doc>Add command to be executed.</doc>
<status status="PASS" starttime="20231201 14:16:25.542" endtime="20231201 14:16:25.542"/>
</kw>
<kw name="Command" library="AppLibrary">
<arg>x</arg>
<doc>Add command to be executed.</doc>
<status status="PASS" starttime="20231201 14:16:25.542" endtime="20231201 14:16:25.543"/>
</kw>
<kw name="Run Program" library="AppLibrary">
<doc>Start running the program with the predetermined command list.</doc>
<msg timestamp="20231201 14:16:25.548" level="INFO">ReferenceType.INPROCEEDINGS
author_00
{'title': 'title_value', 'author': 'author_value', 'booktitle': 'booktitle_value', 'year': '2000'}</msg>
<status status="PASS" starttime="20231201 14:16:25.543" endtime="20231201 14:16:25.548"/>
</kw>
<kw name="Output Should Contain" library="AppLibrary">
<arg>{author_value}</arg>
<doc>Assert that the output contains a string.</doc>
<status status="PASS" starttime="20231201 14:16:25.548" endtime="20231201 14:16:25.548"/>
</kw>
<status status="PASS" starttime="20231201 14:16:25.538" endtime="20231201 14:16:25.548"/>
</test>
<test id="s1-s1-t2" name="Shutting Down Works" line="24">
<kw name="Command" library="AppLibrary">
<arg>x</arg>
<doc>Add command to be executed.</doc>
<status status="PASS" starttime="20231201 14:16:25.549" endtime="20231201 14:16:25.550"/>
</kw>
<kw name="Run Program" library="AppLibrary">
<doc>Start running the program with the predetermined command list.</doc>
<status status="PASS" starttime="20231201 14:16:25.550" endtime="20231201 14:16:25.550"/>
</kw>
<kw name="Output Should Contain" library="AppLibrary">
<arg>Shutting down</arg>
<doc>Assert that the output contains a string.</doc>
<status status="PASS" starttime="20231201 14:16:25.550" endtime="20231201 14:16:25.550"/>
</kw>
<status status="PASS" starttime="20231201 14:16:25.548" endtime="20231201 14:16:25.550"/>
</test>
<test id="s1-s1-t3" name="Mandatory Field Is Required" line="29">
<kw name="Command" library="AppLibrary">
<arg>2</arg>
<doc>Add command to be executed.</doc>
<status status="PASS" starttime="20231201 14:16:25.551" endtime="20231201 14:16:25.552"/>
</kw>
<kw name="Command" library="AppLibrary">
<arg>inproceedings</arg>
<doc>Add command to be executed.</doc>
<status status="PASS" starttime="20231201 14:16:25.552" endtime="20231201 14:16:25.552"/>
</kw>
<kw name="Command" library="AppLibrary">
<arg>\</arg>
<doc>Add command to be executed.</doc>
<status status="PASS" starttime="20231201 14:16:25.552" endtime="20231201 14:16:25.552"/>
</kw>
<kw name="Run Program" library="AppLibrary">
<doc>Start running the program with the predetermined command list.</doc>
<status status="PASS" starttime="20231201 14:16:25.552" endtime="20231201 14:16:25.553"/>
</kw>
<kw name="Output Should Contain" library="AppLibrary">
<arg>Field is mandatory</arg>
<doc>Assert that the output contains a string.</doc>
<status status="PASS" starttime="20231201 14:16:25.553" endtime="20231201 14:16:25.553"/>
</kw>
<status status="PASS" starttime="20231201 14:16:25.551" endtime="20231201 14:16:25.553"/>
</test>
<status status="PASS" starttime="20231201 14:16:25.511" endtime="20231201 14:16:25.553"/>
</suite>
<status status="PASS" starttime="20231201 14:16:25.502" endtime="20231201 14:16:25.554"/>
</suite>
<statistics>
<total>
<stat pass="3" fail="0" skip="0">All Tests</stat>
</total>
<tag>
</tag>
<suite>
<stat pass="3" fail="0" skip="0" id="s1" name="Tests">Tests</stat>
<stat pass="3" fail="0" skip="0" id="s1-s1" name="Tests">Tests.Tests</stat>
</suite>
</statistics>
<errors>
</errors>
</robot>
